<?xml version="1.0" ?><testsuite name="Client.TradesTest" time="0.01" timestamp="2021-06-05T11:18:36" tests="19" failures="0" skipped="0" aborted="0"><properties>
[...]
</properties><testcase classname="Client.TradesTest" name="setQuantityNegativeCheck()" time="0.0"></testcase><testcase classname="Client.TradesTest" name="getAssetIdCheck()" time="0.0"></testcase><testcase classname="Client.TradesTest" name="getQuantityCheck()" time="0.001"></testcase><testcase classname="Client.TradesTest" name="getTypeCheck()" time="0.001"></testcase><testcase classname="Client.TradesTest" name="getUserNameCheck()" time="0.0"></testcase><testcase classname="Client.TradesTest" name="getIdCheck()" time="0.0"></testcase><testcase classname="Client.TradesTest" name="setUpTrade()" time="0.0"></testcase><testcase classname="Client.TradesTest" name="setTypeCheck()" time="0.0"></testcase><testcase classname="Client.TradesTest" name="setAssetIdCheck()" time="0.0"></testcase><testcase classname="Client.TradesTest" name="getPriceCheck()" time="0.0"></testcase><testcase classname="Client.TradesTest" name="setPriceCheck()" time="0.0"></testcase><testcase classname="Client.TradesTest" name="setQuantityCheck()" time="0.0"></testcase><testcase classname="Client.TradesTest" name="setIdCheck()" time="0.0"></testcase><testcase classname="Client.TradesTest" name="setIdNegativeCheck()" time="0.0"></testcase><testcase classname="Client.TradesTest" name="setPriceNegativeCheck()" time="0.0"></testcase><testcase classname="Client.TradesTest" name="getDateCheck()" time="0.001"></testcase><testcase classname="Client.TradesTest" name="setUserNameCheck()" time="0.0"></testcase><testcase classname="Client.TradesTest" name="setDateCheck()" time="0.0"></testcase><testcase classname="Client.TradesTest" name="setAssetIdNegativeCheck()" time="0.001"></testcase></testsuite>