<?xml version="1.0" ?><testsuite name="Server.TradeLogicTest" time="0.015" timestamp="2021-06-05T09:04:33" tests="14" failures="0" skipped="0" aborted="0"><properties>
[...]
</properties><testcase classname="Server.TradeLogicTest" name="sameUnitBuySell()" time="0.0"></testcase><testcase classname="Server.TradeLogicTest" name="perfectMatchRemoval()" time="0.0"></testcase><testcase classname="Server.TradeLogicTest" name="buyMatchesCheapestSell()" time="0.0"></testcase><testcase classname="Server.TradeLogicTest" name="tradeHistoryCancelled()" time="0.0"></testcase><testcase classname="Server.TradeLogicTest" name="newBuyRemovedAfterMatch()" time="0.0"></testcase><testcase classname="Server.TradeLogicTest" name="insufficientAsset()" time="0.0"></testcase><testcase classname="Server.TradeLogicTest" name="addUnmatchedSell()" time="0.0"></testcase><testcase classname="Server.TradeLogicTest" name="newSellRemovedAfterMatch()" time="0.0"></testcase><testcase classname="Server.TradeLogicTest" name="insufficientCredits()" time="0.0"></testcase><testcase classname="Server.TradeLogicTest" name="partialMatchesBuy()" time="0.0"></testcase><testcase classname="Server.TradeLogicTest" name="cancelTradeBuy()" time="0.015"></testcase><testcase classname="Server.TradeLogicTest" name="partialMatchesSell()" time="0.0"></testcase><testcase classname="Server.TradeLogicTest" name="addUnmatchedBuy()" time="0.0"></testcase><testcase classname="Server.TradeLogicTest" name="cancelTradeSell()" time="0.0"></testcase></testsuite>